
*** Running vivado
    with args -log Block_design_transferf_ip_0_0.vds -m64 -product Vivado -mode batch -messageDb vivado.pb -notrace -source Block_design_transferf_ip_0_0.tcl


****** Vivado v2018.2 (64-bit)
  **** SW Build 2258646 on Thu Jun 14 20:03:12 MDT 2018
  **** IP Build 2256618 on Thu Jun 14 22:10:49 MDT 2018
    ** Copyright 1986-2018 Xilinx, Inc. All Rights Reserved.

source Block_design_transferf_ip_0_0.tcl -notrace
Command: synth_design -top Block_design_transferf_ip_0_0 -part xc7z010clg400-1 -mode out_of_context
Starting synth_design
Attempting to get a license for feature 'Synthesis' and/or device 'xc7z010'
INFO: [Common 17-349] Got license for feature 'Synthesis' and/or device 'xc7z010'
INFO: Launching helper process for spawning children vivado processes
INFO: Helper process launched with PID 23228 
---------------------------------------------------------------------------------
Starting RTL Elaboration : Time (s): cpu = 00:00:05 ; elapsed = 00:00:07 . Memory (MB): peak = 383.770 ; gain = 100.930
---------------------------------------------------------------------------------
INFO: [Synth 8-638] synthesizing module 'Block_design_transferf_ip_0_0' [d:/EAAES/Portal-Crane/Miniproject_motor_control.srcs/sources_1/bd/Block_design/ip/Block_design_transferf_ip_0_0/synth/Block_design_transferf_ip_0_0.vhd:67]
INFO: [Synth 8-3491] module 'transferf_ip' declared at 'd:/EAAES/Portal-Crane/Miniproject_motor_control.srcs/sources_1/bd/Block_design/ipshared/4d33/hdl/vhdl/transferf_ip.vhd:29' bound to instance 'U0' of component 'transferf_ip' [d:/EAAES/Portal-Crane/Miniproject_motor_control.srcs/sources_1/bd/Block_design/ip/Block_design_transferf_ip_0_0/synth/Block_design_transferf_ip_0_0.vhd:95]
INFO: [Synth 8-638] synthesizing module 'transferf_ip' [d:/EAAES/Portal-Crane/Miniproject_motor_control.srcs/sources_1/bd/Block_design/ipshared/4d33/hdl/vhdl/transferf_ip.vhd:40]
INFO: [Synth 8-3491] module 'transferf_ip_reset_sync' declared at 'd:/EAAES/Portal-Crane/Miniproject_motor_control.srcs/sources_1/bd/Block_design/ipshared/4d33/hdl/vhdl/transferf_ip_reset_sync.vhd:22' bound to instance 'u_transferf_ip_reset_sync_inst' of component 'transferf_ip_reset_sync' [d:/EAAES/Portal-Crane/Miniproject_motor_control.srcs/sources_1/bd/Block_design/ipshared/4d33/hdl/vhdl/transferf_ip.vhd:77]
INFO: [Synth 8-638] synthesizing module 'transferf_ip_reset_sync' [d:/EAAES/Portal-Crane/Miniproject_motor_control.srcs/sources_1/bd/Block_design/ipshared/4d33/hdl/vhdl/transferf_ip_reset_sync.vhd:30]
INFO: [Synth 8-256] done synthesizing module 'transferf_ip_reset_sync' (1#1) [d:/EAAES/Portal-Crane/Miniproject_motor_control.srcs/sources_1/bd/Block_design/ipshared/4d33/hdl/vhdl/transferf_ip_reset_sync.vhd:30]
INFO: [Synth 8-3491] module 'transferf_ip_dut' declared at 'd:/EAAES/Portal-Crane/Miniproject_motor_control.srcs/sources_1/bd/Block_design/ipshared/4d33/hdl/vhdl/transferf_ip_dut.vhd:22' bound to instance 'u_transferf_ip_dut_inst' of component 'transferf_ip_dut' [d:/EAAES/Portal-Crane/Miniproject_motor_control.srcs/sources_1/bd/Block_design/ipshared/4d33/hdl/vhdl/transferf_ip.vhd:83]
INFO: [Synth 8-638] synthesizing module 'transferf_ip_dut' [d:/EAAES/Portal-Crane/Miniproject_motor_control.srcs/sources_1/bd/Block_design/ipshared/4d33/hdl/vhdl/transferf_ip_dut.vhd:35]
INFO: [Synth 8-3491] module 'transferf_ip_src_Subsystem' declared at 'd:/EAAES/Portal-Crane/Miniproject_motor_control.srcs/sources_1/bd/Block_design/ipshared/4d33/hdl/vhdl/transferf_ip_src_Subsystem.vhd:41' bound to instance 'u_transferf_ip_src_Subsystem' of component 'transferf_ip_src_Subsystem' [d:/EAAES/Portal-Crane/Miniproject_motor_control.srcs/sources_1/bd/Block_design/ipshared/4d33/hdl/vhdl/transferf_ip_dut.vhd:60]
INFO: [Synth 8-638] synthesizing module 'transferf_ip_src_Subsystem' [d:/EAAES/Portal-Crane/Miniproject_motor_control.srcs/sources_1/bd/Block_design/ipshared/4d33/hdl/vhdl/transferf_ip_src_Subsystem.vhd:54]
INFO: [Synth 8-3491] module 'transferf_ip_src_PID_Controller' declared at 'd:/EAAES/Portal-Crane/Miniproject_motor_control.srcs/sources_1/bd/Block_design/ipshared/4d33/hdl/vhdl/transferf_ip_src_PID_Controller.vhd:22' bound to instance 'u_PID_Controller' of component 'transferf_ip_src_PID_Controller' [d:/EAAES/Portal-Crane/Miniproject_motor_control.srcs/sources_1/bd/Block_design/ipshared/4d33/hdl/vhdl/transferf_ip_src_Subsystem.vhd:113]
INFO: [Synth 8-638] synthesizing module 'transferf_ip_src_PID_Controller' [d:/EAAES/Portal-Crane/Miniproject_motor_control.srcs/sources_1/bd/Block_design/ipshared/4d33/hdl/vhdl/transferf_ip_src_PID_Controller.vhd:32]
INFO: [Synth 8-256] done synthesizing module 'transferf_ip_src_PID_Controller' (2#1) [d:/EAAES/Portal-Crane/Miniproject_motor_control.srcs/sources_1/bd/Block_design/ipshared/4d33/hdl/vhdl/transferf_ip_src_PID_Controller.vhd:32]
INFO: [Synth 8-3491] module 'transferf_ip_src_PID_Controller1' declared at 'd:/EAAES/Portal-Crane/Miniproject_motor_control.srcs/sources_1/bd/Block_design/ipshared/4d33/hdl/vhdl/transferf_ip_src_PID_Controller1.vhd:22' bound to instance 'u_PID_Controller1' of component 'transferf_ip_src_PID_Controller1' [d:/EAAES/Portal-Crane/Miniproject_motor_control.srcs/sources_1/bd/Block_design/ipshared/4d33/hdl/vhdl/transferf_ip_src_Subsystem.vhd:121]
INFO: [Synth 8-638] synthesizing module 'transferf_ip_src_PID_Controller1' [d:/EAAES/Portal-Crane/Miniproject_motor_control.srcs/sources_1/bd/Block_design/ipshared/4d33/hdl/vhdl/transferf_ip_src_PID_Controller1.vhd:32]
INFO: [Synth 8-256] done synthesizing module 'transferf_ip_src_PID_Controller1' (3#1) [d:/EAAES/Portal-Crane/Miniproject_motor_control.srcs/sources_1/bd/Block_design/ipshared/4d33/hdl/vhdl/transferf_ip_src_PID_Controller1.vhd:32]
INFO: [Synth 8-256] done synthesizing module 'transferf_ip_src_Subsystem' (4#1) [d:/EAAES/Portal-Crane/Miniproject_motor_control.srcs/sources_1/bd/Block_design/ipshared/4d33/hdl/vhdl/transferf_ip_src_Subsystem.vhd:54]
INFO: [Synth 8-256] done synthesizing module 'transferf_ip_dut' (5#1) [d:/EAAES/Portal-Crane/Miniproject_motor_control.srcs/sources_1/bd/Block_design/ipshared/4d33/hdl/vhdl/transferf_ip_dut.vhd:35]
INFO: [Synth 8-256] done synthesizing module 'transferf_ip' (6#1) [d:/EAAES/Portal-Crane/Miniproject_motor_control.srcs/sources_1/bd/Block_design/ipshared/4d33/hdl/vhdl/transferf_ip.vhd:40]
INFO: [Synth 8-256] done synthesizing module 'Block_design_transferf_ip_0_0' (7#1) [d:/EAAES/Portal-Crane/Miniproject_motor_control.srcs/sources_1/bd/Block_design/ip/Block_design_transferf_ip_0_0/synth/Block_design_transferf_ip_0_0.vhd:67]
---------------------------------------------------------------------------------
Finished RTL Elaboration : Time (s): cpu = 00:00:07 ; elapsed = 00:00:09 . Memory (MB): peak = 438.570 ; gain = 155.730
---------------------------------------------------------------------------------

Report Check Netlist: 
+------+------------------+-------+---------+-------+------------------+
|      |Item              |Errors |Warnings |Status |Description       |
+------+------------------+-------+---------+-------+------------------+
|1     |multi_driven_nets |      0|        0|Passed |Multi driven nets |
+------+------------------+-------+---------+-------+------------------+
---------------------------------------------------------------------------------
Start Handling Custom Attributes
---------------------------------------------------------------------------------
---------------------------------------------------------------------------------
Finished Handling Custom Attributes : Time (s): cpu = 00:00:07 ; elapsed = 00:00:10 . Memory (MB): peak = 438.570 ; gain = 155.730
---------------------------------------------------------------------------------
---------------------------------------------------------------------------------
Finished RTL Optimization Phase 1 : Time (s): cpu = 00:00:07 ; elapsed = 00:00:10 . Memory (MB): peak = 438.570 ; gain = 155.730
---------------------------------------------------------------------------------
INFO: [Device 21-403] Loading part xc7z010clg400-1
INFO: [Project 1-570] Preparing netlist for logic optimization

Processing XDC Constraints
Initializing timing engine
Completed Processing XDC Constraints

INFO: [Project 1-111] Unisim Transformation Summary:
No Unisim elements were transformed.

WARNING: [Constraints 18-5210] No constraint will be written out.
Constraint Validation Runtime : Time (s): cpu = 00:00:00 ; elapsed = 00:00:00.772 . Memory (MB): peak = 760.395 ; gain = 2.188
---------------------------------------------------------------------------------
Finished Constraint Validation : Time (s): cpu = 00:00:29 ; elapsed = 00:00:42 . Memory (MB): peak = 760.395 ; gain = 477.555
---------------------------------------------------------------------------------
---------------------------------------------------------------------------------
Start Loading Part and Timing Information
---------------------------------------------------------------------------------
Loading part: xc7z010clg400-1
---------------------------------------------------------------------------------
Finished Loading Part and Timing Information : Time (s): cpu = 00:00:29 ; elapsed = 00:00:42 . Memory (MB): peak = 760.395 ; gain = 477.555
---------------------------------------------------------------------------------
---------------------------------------------------------------------------------
Start Applying 'set_property' XDC Constraints
---------------------------------------------------------------------------------
---------------------------------------------------------------------------------
Finished applying 'set_property' XDC Constraints : Time (s): cpu = 00:00:29 ; elapsed = 00:00:42 . Memory (MB): peak = 760.395 ; gain = 477.555
---------------------------------------------------------------------------------
---------------------------------------------------------------------------------
Finished RTL Optimization Phase 2 : Time (s): cpu = 00:00:30 ; elapsed = 00:00:44 . Memory (MB): peak = 760.395 ; gain = 477.555
---------------------------------------------------------------------------------

Report RTL Partitions: 
+-+--------------+------------+----------+
| |RTL Partition |Replication |Instances |
+-+--------------+------------+----------+
+-+--------------+------------+----------+
---------------------------------------------------------------------------------
Start RTL Component Statistics 
---------------------------------------------------------------------------------
Detailed RTL Component Info : 
+---Adders : 
	   3 Input     25 Bit       Adders := 1     
	   2 Input     22 Bit       Adders := 1     
	   3 Input     18 Bit       Adders := 1     
	   3 Input     17 Bit       Adders := 1     
	   2 Input     16 Bit       Adders := 1     
+---Registers : 
	                1 Bit    Registers := 2     
+---Muxes : 
	   2 Input     16 Bit        Muxes := 3     
---------------------------------------------------------------------------------
Finished RTL Component Statistics 
---------------------------------------------------------------------------------
---------------------------------------------------------------------------------
Start RTL Hierarchical Component Statistics 
---------------------------------------------------------------------------------
Hierarchical RTL Component report 
Module transferf_ip_reset_sync 
Detailed RTL Component Info : 
+---Registers : 
	                1 Bit    Registers := 2     
Module transferf_ip_src_PID_Controller 
Detailed RTL Component Info : 
+---Adders : 
	   3 Input     25 Bit       Adders := 1     
	   3 Input     18 Bit       Adders := 1     
Module transferf_ip_src_PID_Controller1 
Detailed RTL Component Info : 
+---Adders : 
	   2 Input     16 Bit       Adders := 1     
Module transferf_ip_src_Subsystem 
Detailed RTL Component Info : 
+---Adders : 
	   2 Input     22 Bit       Adders := 1     
	   3 Input     17 Bit       Adders := 1     
+---Muxes : 
	   2 Input     16 Bit        Muxes := 3     
---------------------------------------------------------------------------------
Finished RTL Hierarchical Component Statistics
---------------------------------------------------------------------------------
---------------------------------------------------------------------------------
Start Part Resource Summary
---------------------------------------------------------------------------------
Part Resources:
DSPs: 80 (col length:40)
BRAMs: 120 (col length: RAMB18 40 RAMB36 20)
---------------------------------------------------------------------------------
Finished Part Resource Summary
---------------------------------------------------------------------------------
---------------------------------------------------------------------------------
Start Cross Boundary and Area Optimization
---------------------------------------------------------------------------------
Warning: Parallel synthesis criteria is not met 
DSP Report: Generating DSP U0/u_transferf_ip_dut_inst/u_transferf_ip_src_Subsystem/u_PID_Controller1/gain_mul_temp, operation Mode is: A*(B:0x2af3).
DSP Report: operator U0/u_transferf_ip_dut_inst/u_transferf_ip_src_Subsystem/u_PID_Controller1/gain_mul_temp is absorbed into DSP U0/u_transferf_ip_dut_inst/u_transferf_ip_src_Subsystem/u_PID_Controller1/gain_mul_temp.
DSP Report: Generating DSP U0/u_transferf_ip_dut_inst/u_transferf_ip_src_Subsystem/u_PID_Controller1/Filter_Coefficient_mul_temp, operation Mode is: (A:0x6400)*B.
DSP Report: operator U0/u_transferf_ip_dut_inst/u_transferf_ip_src_Subsystem/u_PID_Controller1/Filter_Coefficient_mul_temp is absorbed into DSP U0/u_transferf_ip_dut_inst/u_transferf_ip_src_Subsystem/u_PID_Controller1/Filter_Coefficient_mul_temp.
DSP Report: Generating DSP U0/u_transferf_ip_dut_inst/u_transferf_ip_src_Subsystem/u_PID_Controller1/Proportional_Gain_mul_temp, operation Mode is: (A:0xbb80)*B.
DSP Report: operator U0/u_transferf_ip_dut_inst/u_transferf_ip_src_Subsystem/u_PID_Controller1/Proportional_Gain_mul_temp is absorbed into DSP U0/u_transferf_ip_dut_inst/u_transferf_ip_src_Subsystem/u_PID_Controller1/Proportional_Gain_mul_temp.
DSP Report: Generating DSP U0/u_transferf_ip_dut_inst/u_transferf_ip_src_Subsystem/u_PID_Controller/Integral_Gain_mul_temp, operation Mode is: (A:0x6400)*B.
DSP Report: operator U0/u_transferf_ip_dut_inst/u_transferf_ip_src_Subsystem/u_PID_Controller/Integral_Gain_mul_temp is absorbed into DSP U0/u_transferf_ip_dut_inst/u_transferf_ip_src_Subsystem/u_PID_Controller/Integral_Gain_mul_temp.
DSP Report: Generating DSP U0/u_transferf_ip_dut_inst/u_transferf_ip_src_Subsystem/u_PID_Controller/gain_mul_temp, operation Mode is: A*(B:0x2af3).
DSP Report: operator U0/u_transferf_ip_dut_inst/u_transferf_ip_src_Subsystem/u_PID_Controller/gain_mul_temp is absorbed into DSP U0/u_transferf_ip_dut_inst/u_transferf_ip_src_Subsystem/u_PID_Controller/gain_mul_temp.
DSP Report: Generating DSP U0/u_transferf_ip_dut_inst/u_transferf_ip_src_Subsystem/u_PID_Controller/gain_mul_temp_1, operation Mode is: A*(B:0x2af3).
DSP Report: operator U0/u_transferf_ip_dut_inst/u_transferf_ip_src_Subsystem/u_PID_Controller/gain_mul_temp_1 is absorbed into DSP U0/u_transferf_ip_dut_inst/u_transferf_ip_src_Subsystem/u_PID_Controller/gain_mul_temp_1.
DSP Report: Generating DSP U0/u_transferf_ip_dut_inst/u_transferf_ip_src_Subsystem/u_PID_Controller/Derivative_Gain_mul_temp, operation Mode is: (A:0x3fff8300)*B.
DSP Report: operator U0/u_transferf_ip_dut_inst/u_transferf_ip_src_Subsystem/u_PID_Controller/Derivative_Gain_mul_temp is absorbed into DSP U0/u_transferf_ip_dut_inst/u_transferf_ip_src_Subsystem/u_PID_Controller/Derivative_Gain_mul_temp.
DSP Report: Generating DSP U0/u_transferf_ip_dut_inst/u_transferf_ip_src_Subsystem/u_PID_Controller/Filter_Coefficient_mul_temp, operation Mode is: (A:0x5000)*B.
DSP Report: operator U0/u_transferf_ip_dut_inst/u_transferf_ip_src_Subsystem/u_PID_Controller/Filter_Coefficient_mul_temp is absorbed into DSP U0/u_transferf_ip_dut_inst/u_transferf_ip_src_Subsystem/u_PID_Controller/Filter_Coefficient_mul_temp.
DSP Report: Generating DSP U0/u_transferf_ip_dut_inst/u_transferf_ip_src_Subsystem/u_PID_Controller/Proportional_Gain_mul_temp, operation Mode is: (A:0x57e4)*B.
DSP Report: operator U0/u_transferf_ip_dut_inst/u_transferf_ip_src_Subsystem/u_PID_Controller/Proportional_Gain_mul_temp is absorbed into DSP U0/u_transferf_ip_dut_inst/u_transferf_ip_src_Subsystem/u_PID_Controller/Proportional_Gain_mul_temp.
---------------------------------------------------------------------------------
Finished Cross Boundary and Area Optimization : Time (s): cpu = 00:00:33 ; elapsed = 00:00:47 . Memory (MB): peak = 760.395 ; gain = 477.555
---------------------------------------------------------------------------------
---------------------------------------------------------------------------------
Start ROM, RAM, DSP and Shift Register Reporting
---------------------------------------------------------------------------------

DSP: Preliminary Mapping  Report (see note below)
+---------------------------------+------------------+--------+--------+--------+--------+--------+------+------+------+------+-------+------+------+
|Module Name                      | DSP Mapping      | A Size | B Size | C Size | D Size | P Size | AREG | BREG | CREG | DREG | ADREG | MREG | PREG | 
+---------------------------------+------------------+--------+--------+--------+--------+--------+------+------+------+------+-------+------+------+
|transferf_ip_src_PID_Controller1 | A*(B:0x2af3)     | 16     | 15     | -      | -      | 31     | 0    | 0    | -    | -    | -     | 0    | 0    | 
|transferf_ip_src_PID_Controller1 | (A:0x6400)*B     | 16     | 16     | -      | -      | 32     | 0    | 0    | -    | -    | -     | 0    | 0    | 
|transferf_ip_src_PID_Controller1 | (A:0xbb80)*B     | 16     | 16     | -      | -      | 32     | 0    | 0    | -    | -    | -     | 0    | 0    | 
|transferf_ip_src_PID_Controller  | (A:0x6400)*B     | 16     | 16     | -      | -      | 32     | 0    | 0    | -    | -    | -     | 0    | 0    | 
|transferf_ip_src_PID_Controller  | A*(B:0x2af3)     | 16     | 15     | -      | -      | 31     | 0    | 0    | -    | -    | -     | 0    | 0    | 
|transferf_ip_src_PID_Controller  | A*(B:0x2af3)     | 16     | 15     | -      | -      | 31     | 0    | 0    | -    | -    | -     | 0    | 0    | 
|transferf_ip_src_PID_Controller  | (A:0x3fff8300)*B | 16     | 16     | -      | -      | 32     | 0    | 0    | -    | -    | -     | 0    | 0    | 
|transferf_ip_src_PID_Controller  | (A:0x5000)*B     | 16     | 16     | -      | -      | 32     | 0    | 0    | -    | -    | -     | 0    | 0    | 
|transferf_ip_src_PID_Controller  | (A:0x57e4)*B     | 16     | 16     | -      | -      | 32     | 0    | 0    | -    | -    | -     | 0    | 0    | 
+---------------------------------+------------------+--------+--------+--------+--------+--------+------+------+------+------+-------+------+------+

Note: The table above is a preliminary report that shows the DSPs inferred at the current stage of the synthesis flow. Some DSP may be reimplemented as non DSP primitives later in the synthesis flow. Multiple instantiated DSPs are reported only once.
---------------------------------------------------------------------------------
Finished ROM, RAM, DSP and Shift Register Reporting
---------------------------------------------------------------------------------

Report RTL Partitions: 
+-+--------------+------------+----------+
| |RTL Partition |Replication |Instances |
+-+--------------+------------+----------+
+-+--------------+------------+----------+
---------------------------------------------------------------------------------
Start Applying XDC Timing Constraints
---------------------------------------------------------------------------------
---------------------------------------------------------------------------------
Finished Applying XDC Timing Constraints : Time (s): cpu = 00:01:19 ; elapsed = 00:01:44 . Memory (MB): peak = 809.047 ; gain = 526.207
---------------------------------------------------------------------------------
---------------------------------------------------------------------------------
Start Timing Optimization
---------------------------------------------------------------------------------
---------------------------------------------------------------------------------
Finished Timing Optimization : Time (s): cpu = 00:01:19 ; elapsed = 00:01:44 . Memory (MB): peak = 809.270 ; gain = 526.430
---------------------------------------------------------------------------------

Report RTL Partitions: 
+-+--------------+------------+----------+
| |RTL Partition |Replication |Instances |
+-+--------------+------------+----------+
+-+--------------+------------+----------+
---------------------------------------------------------------------------------
Start Technology Mapping
---------------------------------------------------------------------------------
---------------------------------------------------------------------------------
Finished Technology Mapping : Time (s): cpu = 00:01:19 ; elapsed = 00:01:45 . Memory (MB): peak = 819.855 ; gain = 537.016
---------------------------------------------------------------------------------

Report RTL Partitions: 
+-+--------------+------------+----------+
| |RTL Partition |Replication |Instances |
+-+--------------+------------+----------+
+-+--------------+------------+----------+
---------------------------------------------------------------------------------
Start IO Insertion
---------------------------------------------------------------------------------
---------------------------------------------------------------------------------
Start Flattening Before IO Insertion
---------------------------------------------------------------------------------
---------------------------------------------------------------------------------
Finished Flattening Before IO Insertion
---------------------------------------------------------------------------------
---------------------------------------------------------------------------------
Start Final Netlist Cleanup
---------------------------------------------------------------------------------
---------------------------------------------------------------------------------
Finished Final Netlist Cleanup
---------------------------------------------------------------------------------
---------------------------------------------------------------------------------
Finished IO Insertion : Time (s): cpu = 00:01:23 ; elapsed = 00:01:48 . Memory (MB): peak = 819.855 ; gain = 537.016
---------------------------------------------------------------------------------

Report Check Netlist: 
+------+------------------+-------+---------+-------+------------------+
|      |Item              |Errors |Warnings |Status |Description       |
+------+------------------+-------+---------+-------+------------------+
|1     |multi_driven_nets |      0|        0|Passed |Multi driven nets |
+------+------------------+-------+---------+-------+------------------+
---------------------------------------------------------------------------------
Start Renaming Generated Instances
---------------------------------------------------------------------------------
---------------------------------------------------------------------------------
Finished Renaming Generated Instances : Time (s): cpu = 00:01:23 ; elapsed = 00:01:48 . Memory (MB): peak = 819.855 ; gain = 537.016
---------------------------------------------------------------------------------

Report RTL Partitions: 
+-+--------------+------------+----------+
| |RTL Partition |Replication |Instances |
+-+--------------+------------+----------+
+-+--------------+------------+----------+
---------------------------------------------------------------------------------
Start Rebuilding User Hierarchy
---------------------------------------------------------------------------------
---------------------------------------------------------------------------------
Finished Rebuilding User Hierarchy : Time (s): cpu = 00:01:23 ; elapsed = 00:01:48 . Memory (MB): peak = 819.855 ; gain = 537.016
---------------------------------------------------------------------------------
---------------------------------------------------------------------------------
Start Renaming Generated Ports
---------------------------------------------------------------------------------
---------------------------------------------------------------------------------
Finished Renaming Generated Ports : Time (s): cpu = 00:01:23 ; elapsed = 00:01:48 . Memory (MB): peak = 819.855 ; gain = 537.016
---------------------------------------------------------------------------------
---------------------------------------------------------------------------------
Start Handling Custom Attributes
---------------------------------------------------------------------------------
---------------------------------------------------------------------------------
Finished Handling Custom Attributes : Time (s): cpu = 00:01:23 ; elapsed = 00:01:48 . Memory (MB): peak = 819.855 ; gain = 537.016
---------------------------------------------------------------------------------
---------------------------------------------------------------------------------
Start Renaming Generated Nets
---------------------------------------------------------------------------------
---------------------------------------------------------------------------------
Finished Renaming Generated Nets : Time (s): cpu = 00:01:23 ; elapsed = 00:01:48 . Memory (MB): peak = 819.855 ; gain = 537.016
---------------------------------------------------------------------------------
---------------------------------------------------------------------------------
Start Writing Synthesis Report
---------------------------------------------------------------------------------

Report BlackBoxes: 
+-+--------------+----------+
| |BlackBox name |Instances |
+-+--------------+----------+
+-+--------------+----------+

Report Cell Usage: 
+------+--------+------+
|      |Cell    |Count |
+------+--------+------+
|1     |CARRY4  |    42|
|2     |DSP48E1 |     9|
|3     |LUT1    |    18|
|4     |LUT2    |   111|
|5     |LUT3    |    31|
|6     |LUT4    |    18|
|7     |LUT5    |    17|
|8     |LUT6    |    13|
|9     |FDCE    |    48|
|10    |FDPE    |     2|
+------+--------+------+

Report Instance Areas: 
+------+-----------------------------------+---------------------------------+------+
|      |Instance                           |Module                           |Cells |
+------+-----------------------------------+---------------------------------+------+
|1     |top                                |                                 |   309|
|2     |  U0                               |transferf_ip                     |   309|
|3     |    u_transferf_ip_dut_inst        |transferf_ip_dut                 |   306|
|4     |      u_transferf_ip_src_Subsystem |transferf_ip_src_Subsystem       |   306|
|5     |        u_PID_Controller           |transferf_ip_src_PID_Controller  |   183|
|6     |        u_PID_Controller1          |transferf_ip_src_PID_Controller1 |    77|
|7     |    u_transferf_ip_reset_sync_inst |transferf_ip_reset_sync          |     3|
+------+-----------------------------------+---------------------------------+------+
---------------------------------------------------------------------------------
Finished Writing Synthesis Report : Time (s): cpu = 00:01:23 ; elapsed = 00:01:48 . Memory (MB): peak = 819.855 ; gain = 537.016
---------------------------------------------------------------------------------
Synthesis finished with 0 errors, 0 critical warnings and 0 warnings.
Synthesis Optimization Runtime : Time (s): cpu = 00:01:02 ; elapsed = 00:01:25 . Memory (MB): peak = 819.855 ; gain = 215.191
Synthesis Optimization Complete : Time (s): cpu = 00:01:23 ; elapsed = 00:01:48 . Memory (MB): peak = 819.855 ; gain = 537.016
INFO: [Project 1-571] Translating synthesized netlist
INFO: [Netlist 29-17] Analyzing 51 Unisim elements for replacement
INFO: [Netlist 29-28] Unisim Transformation completed in 0 CPU seconds
INFO: [Project 1-570] Preparing netlist for logic optimization
INFO: [Opt 31-138] Pushed 0 inverter(s) to 0 load pin(s).
INFO: [Project 1-111] Unisim Transformation Summary:
No Unisim elements were transformed.

INFO: [Common 17-83] Releasing license: Synthesis
31 Infos, 1 Warnings, 0 Critical Warnings and 0 Errors encountered.
synth_design completed successfully
synth_design: Time (s): cpu = 00:01:26 ; elapsed = 00:01:52 . Memory (MB): peak = 819.855 ; gain = 544.117
WARNING: [Constraints 18-5210] No constraint will be written out.
INFO: [Common 17-1381] The checkpoint 'D:/EAAES/Portal-Crane/Miniproject_motor_control.runs/Block_design_transferf_ip_0_0_synth_1/Block_design_transferf_ip_0_0.dcp' has been generated.
