Copyright 1986-2018 Xilinx, Inc. All Rights Reserved.
-------------------------------------------------------------------------------------------------
| Tool Version : Vivado v.2018.2 (win64) Build 2258646 Thu Jun 14 20:03:12 MDT 2018
| Date         : Wed Oct 30 10:19:08 2019
| Host         : MSI running 64-bit major release  (build 9200)
| Command      : report_control_sets -verbose -file Block_design_wrapper_control_sets_placed.rpt
| Design       : Block_design_wrapper
| Device       : xc7z010
-------------------------------------------------------------------------------------------------

Control Set Information

Table of Contents
-----------------
1. Summary
2. Histogram
3. Flip-Flop Distribution
4. Detailed Control Set Information

1. Summary
----------

+----------------------------------------------------------+-------+
|                          Status                          | Count |
+----------------------------------------------------------+-------+
| Number of unique control sets                            |    76 |
| Unused register locations in slices containing registers |   112 |
+----------------------------------------------------------+-------+


2. Histogram
------------

+--------+--------------+
| Fanout | Control Sets |
+--------+--------------+
|      2 |            5 |
|      4 |            1 |
|      8 |           19 |
|     10 |            2 |
|     12 |            2 |
|     14 |            2 |
|    16+ |           45 |
+--------+--------------+


3. Flip-Flop Distribution
-------------------------

+--------------+-----------------------+------------------------+-----------------+--------------+
| Clock Enable | Synchronous Set/Reset | Asynchronous Set/Reset | Total Registers | Total Slices |
+--------------+-----------------------+------------------------+-----------------+--------------+
| No           | No                    | No                     |             760 |          121 |
| No           | No                    | Yes                    |               8 |            2 |
| No           | Yes                   | No                     |             836 |          131 |
| Yes          | No                    | No                     |             874 |          106 |
| Yes          | No                    | Yes                    |              64 |            8 |
| Yes          | Yes                   | No                     |             802 |          133 |
+--------------+-----------------------+------------------------+-----------------+--------------+


4. Detailed Control Set Information
-----------------------------------

+-----------------------------------------------------+--------------------------------------------------------------------------------------------------------------------------------------------------------------------+------------------------------------------------------------------------------------------------------------------------------------------------+------------------+----------------+
|                     Clock Signal                    |                                                                            Enable Signal                                                                           |                                                                Set/Reset Signal                                                                | Slice Load Count | Bel Load Count |
+-----------------------------------------------------+--------------------------------------------------------------------------------------------------------------------------------------------------------------------+------------------------------------------------------------------------------------------------------------------------------------------------+------------------+----------------+
|  Block_design_i/processing_system7_0/inst/FCLK_CLK0 |                                                                                                                                                                    | Block_design_i/axi_timer_0/U0/TC_CORE_I/TIMER_CONTROL_I/READ_DONE1_I_i_1_n_0                                                                   |                1 |              2 |
|  Block_design_i/processing_system7_0/inst/FCLK_CLK0 |                                                                                                                                                                    | Block_design_i/axi_timer_0/U0/TC_CORE_I/TIMER_CONTROL_I/R                                                                                      |                1 |              2 |
|  Block_design_i/processing_system7_0/inst/FCLK_CLK0 |                                                                                                                                                                    | Block_design_i/axi_timer_0/U0/TC_CORE_I/TIMER_CONTROL_I/R_0                                                                                    |                1 |              2 |
|  Block_design_i/processing_system7_0/inst/FCLK_CLK0 |                                                                                                                                                                    | Block_design_i/axi_timer_0/U0/AXI4_LITE_I/I_SLAVE_ATTACHMENT/I_DECODER/TCSR0_GENERATE[23].TCSR0_FF_I                                           |                1 |              2 |
|  Block_design_i/processing_system7_0/inst/FCLK_CLK0 |                                                                                                                                                                    | Block_design_i/axi_timer_0/U0/AXI4_LITE_I/I_SLAVE_ATTACHMENT/I_DECODER/TCSR1_GENERATE[23].TCSR1_FF_I                                           |                1 |              2 |
|  Block_design_i/processing_system7_0/inst/FCLK_CLK0 | Block_design_i/ps7_0_axi_periph/s00_couplers/auto_pc/inst/gen_axilite.gen_b2s_conv.axilite_b2s/WR.b_channel_0/bid_fifo_0/bresp_push                                |                                                                                                                                                |                1 |              4 |
|  Block_design_i/processing_system7_0/inst/FCLK_CLK0 |                                                                                                                                                                    | Block_design_i/counter_0/U0/count[31]_i_2_n_0                                                                                                  |                2 |              8 |
|  Block_design_i/processing_system7_0/inst/FCLK_CLK0 | Block_design_i/axi_gpio_0/U0/AXI_LITE_IPIF_I/I_SLAVE_ATTACHMENT/I_DECODER/Not_Dual.gpio_OE_reg[0][0]                                                               | Block_design_i/axi_gpio_0/U0/AXI_LITE_IPIF_I/I_SLAVE_ATTACHMENT/SR[0]                                                                          |                1 |              8 |
|  Block_design_i/processing_system7_0/inst/FCLK_CLK0 |                                                                                                                                                                    | Block_design_i/counterIn_counterOut/U0/AXI_LITE_IPIF_I/I_SLAVE_ATTACHMENT/clear                                                                |                1 |              8 |
|  Block_design_i/processing_system7_0/inst/FCLK_CLK0 |                                                                                                                                                                    | Block_design_i/axi_gpio_0/U0/AXI_LITE_IPIF_I/I_SLAVE_ATTACHMENT/I_DECODER/Not_Dual.ALLIN1_ND.READ_REG_GEN[0].reg1_reg[28]                      |                1 |              8 |
|  Block_design_i/processing_system7_0/inst/FCLK_CLK0 |                                                                                                                                                                    | Block_design_i/axi_gpio_0/U0/AXI_LITE_IPIF_I/I_SLAVE_ATTACHMENT/clear                                                                          |                1 |              8 |
|  Block_design_i/processing_system7_0/inst/FCLK_CLK0 | Block_design_i/counterIn_counterOut/U0/AXI_LITE_IPIF_I/I_SLAVE_ATTACHMENT/bus2ip_addr_i[8]_i_1_n_0                                                                 | Block_design_i/counterIn_counterOut/U0/AXI_LITE_IPIF_I/I_SLAVE_ATTACHMENT/SR[0]                                                                |                1 |              8 |
|  Block_design_i/processing_system7_0/inst/FCLK_CLK0 | Block_design_i/muxOut_resetOut/U0/AXI_LITE_IPIF_I/I_SLAVE_ATTACHMENT/bus2ip_addr_i[8]_i_1_n_0                                                                      | Block_design_i/muxOut_resetOut/U0/AXI_LITE_IPIF_I/I_SLAVE_ATTACHMENT/SS[0]                                                                     |                1 |              8 |
|  Block_design_i/processing_system7_0/inst/FCLK_CLK0 | Block_design_i/axi_timer_0/U0/AXI4_LITE_I/I_SLAVE_ATTACHMENT/bus2ip_addr_i[4]_i_1_n_0                                                                              | Block_design_i/axi_timer_0/U0/AXI4_LITE_I/I_SLAVE_ATTACHMENT/rst                                                                               |                1 |              8 |
|  Block_design_i/processing_system7_0/inst/FCLK_CLK0 | Block_design_i/xadc_wiz_0/U0/AXI_XADC_CORE_I/D[6]                                                                                                                  | Block_design_i/xadc_wiz_0/U0/AXI_LITE_IPIF_I/I_SLAVE_ATTACHMENT/reset2ip_reset                                                                 |                1 |              8 |
|  Block_design_i/processing_system7_0/inst/FCLK_CLK0 |                                                                                                                                                                    | Block_design_i/ps7_0_axi_periph/s00_couplers/auto_pc/inst/gen_axilite.gen_b2s_conv.axilite_b2s/SI_REG/aw.aw_pipe/s_ready_i_reg_0               |                3 |              8 |
|  Block_design_i/processing_system7_0/inst/FCLK_CLK0 |                                                                                                                                                                    | Block_design_i/ps7_0_axi_periph/s00_couplers/auto_pc/inst/gen_axilite.gen_b2s_conv.axilite_b2s/SI_REG/ar.ar_pipe/m_valid_i_reg_0               |                2 |              8 |
|  Block_design_i/processing_system7_0/inst/FCLK_CLK0 |                                                                                                                                                                    | Block_design_i/muxOut_resetOut/U0/AXI_LITE_IPIF_I/I_SLAVE_ATTACHMENT/clear                                                                     |                1 |              8 |
|  Block_design_i/processing_system7_0/inst/FCLK_CLK0 | Block_design_i/muxOut_resetOut/U0/AXI_LITE_IPIF_I/I_SLAVE_ATTACHMENT/start2                                                                                        | Block_design_i/muxOut_resetOut/U0/AXI_LITE_IPIF_I/I_SLAVE_ATTACHMENT/I_DECODER/cs_ce_clr                                                       |                1 |              8 |
|  Block_design_i/processing_system7_0/inst/FCLK_CLK0 | Block_design_i/axi_gpio_0/U0/AXI_LITE_IPIF_I/I_SLAVE_ATTACHMENT/bus2ip_addr_i[8]_i_1_n_0                                                                           | Block_design_i/axi_gpio_0/U0/AXI_LITE_IPIF_I/I_SLAVE_ATTACHMENT/SR[0]                                                                          |                1 |              8 |
|  Block_design_i/processing_system7_0/inst/FCLK_CLK0 | Block_design_i/axi_gpio_0/U0/AXI_LITE_IPIF_I/I_SLAVE_ATTACHMENT/start2                                                                                             | Block_design_i/axi_gpio_0/U0/AXI_LITE_IPIF_I/I_SLAVE_ATTACHMENT/I_DECODER/cs_ce_clr                                                            |                1 |              8 |
|  Block_design_i/processing_system7_0/inst/FCLK_CLK0 | Block_design_i/axi_timer_0/U0/AXI4_LITE_I/I_SLAVE_ATTACHMENT/I_DECODER/pair0_Select                                                                                | Block_design_i/axi_timer_0/U0/TC_CORE_I/GEN_SECOND_TIMER.COUNTER_1_I/COUNTER_I/INFERRED_GEN.icount_out_reg[31]_0                               |                2 |              8 |
|  Block_design_i/processing_system7_0/inst/FCLK_CLK0 | Block_design_i/counterIn_counterOut/U0/AXI_LITE_IPIF_I/I_SLAVE_ATTACHMENT/start2                                                                                   | Block_design_i/counterIn_counterOut/U0/AXI_LITE_IPIF_I/I_SLAVE_ATTACHMENT/I_DECODER/cs_ce_clr                                                  |                1 |              8 |
|  Block_design_i/processing_system7_0/inst/FCLK_CLK0 | Block_design_i/ps7_0_axi_periph/s00_couplers/auto_pc/inst/gen_axilite.gen_b2s_conv.axilite_b2s/RD.ar_channel_0/ar_cmd_fsm_0/E[0]                                   | Block_design_i/ps7_0_axi_periph/s00_couplers/auto_pc/inst/gen_axilite.gen_b2s_conv.axilite_b2s/RD.ar_channel_0/ar_cmd_fsm_0/axlen_cnt_reg[7]   |                1 |              8 |
|  Block_design_i/processing_system7_0/inst/FCLK_CLK0 | Block_design_i/ps7_0_axi_periph/s00_couplers/auto_pc/inst/gen_axilite.gen_b2s_conv.axilite_b2s/WR.aw_channel_0/aw_cmd_fsm_0/axaddr_wrap_reg[11][0]                 | Block_design_i/ps7_0_axi_periph/s00_couplers/auto_pc/inst/gen_axilite.gen_b2s_conv.axilite_b2s/WR.aw_channel_0/aw_cmd_fsm_0/axlen_cnt_reg[7]_1 |                2 |              8 |
|  Block_design_i/processing_system7_0/inst/FCLK_CLK0 |                                                                                                                                                                    | Block_design_i/rst_ps7_0_20M/U0/EXT_LPF/lpf_int                                                                                                |                1 |             10 |
|  Block_design_i/processing_system7_0/inst/FCLK_CLK0 | Block_design_i/axi_gpio_0/U0/AXI_LITE_IPIF_I/I_SLAVE_ATTACHMENT/s_axi_rresp_i                                                                                      | Block_design_i/axi_gpio_0/U0/AXI_LITE_IPIF_I/I_SLAVE_ATTACHMENT/SR[0]                                                                          |                1 |             10 |
|  Block_design_i/processing_system7_0/inst/FCLK_CLK0 |                                                                                                                                                                    | Block_design_i/axi_timer_0/U0/AXI4_LITE_I/I_SLAVE_ATTACHMENT/INCLUDE_DPHASE_TIMER.dpto_cnt[5]_i_1_n_0                                          |                2 |             12 |
|  Block_design_i/processing_system7_0/inst/FCLK_CLK0 | Block_design_i/rst_ps7_0_20M/U0/SEQ/seq_cnt_en                                                                                                                     | Block_design_i/rst_ps7_0_20M/U0/SEQ/SEQ_COUNTER/clear                                                                                          |                1 |             12 |
|  Block_design_i/processing_system7_0/inst/FCLK_CLK0 |                                                                                                                                                                    | Block_design_i/xadc_wiz_0/U0/AXI_LITE_IPIF_I/I_SLAVE_ATTACHMENT/p_2_out                                                                        |                2 |             14 |
|  Block_design_i/processing_system7_0/inst/FCLK_CLK0 | Block_design_i/axi_timer_0/U0/AXI4_LITE_I/I_SLAVE_ATTACHMENT/start2                                                                                                | Block_design_i/axi_timer_0/U0/AXI4_LITE_I/I_SLAVE_ATTACHMENT/I_DECODER/cs_ce_clr                                                               |                2 |             14 |
|  Block_design_i/processing_system7_0/inst/FCLK_CLK0 | Block_design_i/axi_timer_0/U0/AXI4_LITE_I/I_SLAVE_ATTACHMENT/I_DECODER/bus2ip_wrce[0]                                                                              | Block_design_i/axi_timer_0/U0/TC_CORE_I/GEN_SECOND_TIMER.COUNTER_1_I/COUNTER_I/INFERRED_GEN.icount_out_reg[31]_0                               |                3 |             16 |
|  Block_design_i/processing_system7_0/inst/FCLK_CLK0 | Block_design_i/ps7_0_axi_periph/s00_couplers/auto_pc/inst/gen_axilite.gen_b2s_conv.axilite_b2s/WR.b_channel_0/mhandshake_r                                         | Block_design_i/ps7_0_axi_periph/s00_couplers/auto_pc/inst/gen_axilite.gen_b2s_conv.axilite_b2s/WR.b_channel_0/bid_fifo_0/SR[0]                 |                3 |             16 |
|  Block_design_i/processing_system7_0/inst/FCLK_CLK0 | Block_design_i/axi_timer_0/U0/AXI4_LITE_I/I_SLAVE_ATTACHMENT/I_DECODER/bus2ip_wrce[1]                                                                              | Block_design_i/axi_timer_0/U0/TC_CORE_I/GEN_SECOND_TIMER.COUNTER_1_I/COUNTER_I/INFERRED_GEN.icount_out_reg[31]_0                               |                3 |             18 |
|  Block_design_i/processing_system7_0/inst/FCLK_CLK0 |                                                                                                                                                                    | Block_design_i/axi_timer_0/U0/AXI4_LITE_I/I_SLAVE_ATTACHMENT/rst                                                                               |                6 |             22 |
|  Block_design_i/processing_system7_0/inst/FCLK_CLK0 | Block_design_i/ps7_0_axi_periph/s00_couplers/auto_pc/inst/gen_axilite.gen_b2s_conv.axilite_b2s/WR.aw_channel_0/aw_cmd_fsm_0/E[0]                                   |                                                                                                                                                |                4 |             24 |
|  Block_design_i/processing_system7_0/inst/FCLK_CLK0 | Block_design_i/ps7_0_axi_periph/s00_couplers/auto_pc/inst/gen_axilite.gen_b2s_conv.axilite_b2s/RD.ar_channel_0/ar_cmd_fsm_0/wrap_boundary_axaddr_r_reg[11][0]      |                                                                                                                                                |                6 |             24 |
|  Block_design_i/processing_system7_0/inst/FCLK_CLK0 | Block_design_i/ps7_0_axi_periph/s00_couplers/auto_pc/inst/gen_axilite.gen_b2s_conv.axilite_b2s/RD.ar_channel_0/ar_cmd_fsm_0/axaddr_incr_reg[0][0]                  |                                                                                                                                                |                3 |             24 |
|  Block_design_i/processing_system7_0/inst/FCLK_CLK0 | Block_design_i/ps7_0_axi_periph/s00_couplers/auto_pc/inst/gen_axilite.gen_b2s_conv.axilite_b2s/WR.aw_channel_0/cmd_translator_0/incr_cmd_0/axaddr_incr[11]_i_1_n_0 |                                                                                                                                                |                3 |             24 |
|  Block_design_i/processing_system7_0/inst/FCLK_CLK0 | Block_design_i/ps7_0_axi_periph/s00_couplers/auto_pc/inst/gen_axilite.gen_b2s_conv.axilite_b2s/RD.r_channel_0/r_push_r                                             |                                                                                                                                                |                4 |             26 |
|  Block_design_i/processing_system7_0/inst/FCLK_CLK0 |                                                                                                                                                                    | Block_design_i/ps7_0_axi_periph/xbar/inst/gen_sasd.crossbar_sasd_0/addr_arbiter_inst/SR[0]                                                     |                6 |             26 |
|  Block_design_i/processing_system7_0/inst/FCLK_CLK0 |                                                                                                                                                                    | Block_design_i/axi_timer_0/U0/TC_CORE_I/GEN_SECOND_TIMER.COUNTER_1_I/COUNTER_I/INFERRED_GEN.icount_out_reg[31]_0                               |                4 |             26 |
|  Block_design_i/processing_system7_0/inst/FCLK_CLK0 | Block_design_i/ps7_0_axi_periph/s00_couplers/auto_pc/inst/gen_axilite.gen_b2s_conv.axilite_b2s/SI_REG/b.b_pipe/p_1_in                                              |                                                                                                                                                |                3 |             28 |
|  Block_design_i/processing_system7_0/inst/FCLK_CLK0 | Block_design_i/ps7_0_axi_periph/s00_couplers/auto_pc/inst/gen_axilite.gen_b2s_conv.axilite_b2s/SI_REG/b.b_pipe/skid_buffer_reg[0]_0                                |                                                                                                                                                |                2 |             28 |
|  Block_design_i/processing_system7_0/inst/FCLK_CLK0 |                                                                                                                                                                    | Block_design_i/xadc_wiz_0/U0/AXI_XADC_CORE_I/do_reg[15]_i_1_n_0                                                                                |                6 |             32 |
|  Block_design_i/processing_system7_0/inst/FCLK_CLK0 | Block_design_i/ps7_0_axi_periph/s00_couplers/auto_pc/inst/gen_axilite.gen_b2s_conv.axilite_b2s/WR.aw_channel_0/aw_cmd_fsm_0/b_push                                 |                                                                                                                                                |                3 |             32 |
|  Block_design_i/processing_system7_0/inst/FCLK_CLK0 | Block_design_i/xadc_wiz_0/U0/AXI_LITE_IPIF_I/I_SLAVE_ATTACHMENT/I_DECODER/E[0]                                                                                     | Block_design_i/xadc_wiz_0/U0/AXI_LITE_IPIF_I/I_SLAVE_ATTACHMENT/reset2ip_reset                                                                 |                8 |             34 |
|  Block_design_i/processing_system7_0/inst/FCLK_CLK0 |                                                                                                                                                                    | Block_design_i/muxOut_resetOut/U0/AXI_LITE_IPIF_I/I_SLAVE_ATTACHMENT/SS[0]                                                                     |                7 |             38 |
|  Block_design_i/processing_system7_0/inst/FCLK_CLK0 | Block_design_i/xadc_wiz_0/U0/AXI_LITE_IPIF_I/I_SLAVE_ATTACHMENT/s_axi_rresp_i                                                                                      | Block_design_i/xadc_wiz_0/U0/AXI_LITE_IPIF_I/I_SLAVE_ATTACHMENT/SR[0]                                                                          |                4 |             40 |
|  Block_design_i/processing_system7_0/inst/FCLK_CLK0 |                                                                                                                                                                    | Block_design_i/axi_gpio_0/U0/AXI_LITE_IPIF_I/I_SLAVE_ATTACHMENT/SR[0]                                                                          |                8 |             40 |
|  Block_design_i/processing_system7_0/inst/FCLK_CLK0 | Block_design_i/ps7_0_axi_periph/s00_couplers/auto_pc/inst/gen_axilite.gen_b2s_conv.axilite_b2s/RD.ar_channel_0/ar_cmd_fsm_0/E[0]                                   |                                                                                                                                                |                8 |             40 |
|  Block_design_i/processing_system7_0/inst/FCLK_CLK0 | Block_design_i/ps7_0_axi_periph/s00_couplers/auto_pc/inst/gen_axilite.gen_b2s_conv.axilite_b2s/WR.aw_channel_0/aw_cmd_fsm_0/axaddr_wrap_reg[11][0]                 |                                                                                                                                                |                7 |             40 |
|  Block_design_i/processing_system7_0/inst/FCLK_CLK0 | Block_design_i/ps7_0_axi_periph/xbar/inst/gen_sasd.crossbar_sasd_0/addr_arbiter_inst/p_0_in1_in                                                                    | Block_design_i/ps7_0_axi_periph/xbar/inst/gen_sasd.crossbar_sasd_0/addr_arbiter_inst/SR[0]                                                     |                9 |             48 |
|  Block_design_i/processing_system7_0/inst/FCLK_CLK0 | Block_design_i/xadc_wiz_0/U0/AXI_LITE_IPIF_I/I_SLAVE_ATTACHMENT/I_DECODER/start                                                                                    | Block_design_i/xadc_wiz_0/U0/AXI_LITE_IPIF_I/I_SLAVE_ATTACHMENT/I_DECODER/cs_ce_clr                                                            |                8 |             50 |
|  Block_design_i/processing_system7_0/inst/FCLK_CLK0 |                                                                                                                                                                    | Block_design_i/xadc_wiz_0/U0/AXI_LITE_IPIF_I/I_SLAVE_ATTACHMENT/SR[0]                                                                          |                7 |             50 |
|  Block_design_i/processing_system7_0/inst/FCLK_CLK0 |                                                                                                                                                                    | Block_design_i/counterIn_counterOut/U0/AXI_LITE_IPIF_I/I_SLAVE_ATTACHMENT/I_DECODER/Not_Dual.ALLIN1_ND.READ_REG_GEN[0].reg1_reg[0]             |               10 |             64 |
|  Block_design_i/processing_system7_0/inst/FCLK_CLK0 | Block_design_i/counterIn_counterOut/U0/AXI_LITE_IPIF_I/I_SLAVE_ATTACHMENT/s_axi_rresp_i                                                                            | Block_design_i/counterIn_counterOut/U0/AXI_LITE_IPIF_I/I_SLAVE_ATTACHMENT/SR[0]                                                                |               10 |             64 |
|  Block_design_i/processing_system7_0/inst/FCLK_CLK0 | Block_design_i/counterIn_counterOut/U0/AXI_LITE_IPIF_I/I_SLAVE_ATTACHMENT/I_DECODER/E[0]                                                                           | Block_design_i/counterIn_counterOut/U0/AXI_LITE_IPIF_I/I_SLAVE_ATTACHMENT/SR[0]                                                                |                5 |             64 |
|  Block_design_i/processing_system7_0/inst/FCLK_CLK0 | Block_design_i/counter_0/U0/up_down__0                                                                                                                             | Block_design_i/counter_0/U0/count[31]_i_2_n_0                                                                                                  |                8 |             64 |
|  Block_design_i/processing_system7_0/inst/FCLK_CLK0 | Block_design_i/axi_timer_0/U0/TC_CORE_I/TIMER_CONTROL_I/INPUT_DOUBLE_REGS3/INFERRED_GEN.icount_out_reg[0]_0                                                        | Block_design_i/axi_timer_0/U0/TC_CORE_I/GEN_SECOND_TIMER.COUNTER_1_I/COUNTER_I/INFERRED_GEN.icount_out_reg[31]_0                               |                5 |             64 |
|  Block_design_i/processing_system7_0/inst/FCLK_CLK0 | Block_design_i/axi_timer_0/U0/TC_CORE_I/TIMER_CONTROL_I/CE                                                                                                         | Block_design_i/axi_timer_0/U0/TC_CORE_I/GEN_SECOND_TIMER.COUNTER_1_I/COUNTER_I/INFERRED_GEN.icount_out_reg[31]_0                               |                9 |             64 |
|  Block_design_i/processing_system7_0/inst/FCLK_CLK0 | Block_design_i/axi_timer_0/U0/TC_CORE_I/TIMER_CONTROL_I/CE_0                                                                                                       | Block_design_i/axi_timer_0/U0/TC_CORE_I/GEN_SECOND_TIMER.COUNTER_1_I/COUNTER_I/INFERRED_GEN.icount_out_reg[31]_0                               |               11 |             64 |
|  Block_design_i/processing_system7_0/inst/FCLK_CLK0 | Block_design_i/axi_timer_0/U0/AXI4_LITE_I/I_SLAVE_ATTACHMENT/s_axi_rresp_i                                                                                         | Block_design_i/axi_timer_0/U0/AXI4_LITE_I/I_SLAVE_ATTACHMENT/rst                                                                               |               32 |             64 |
|  Block_design_i/processing_system7_0/inst/FCLK_CLK0 | Block_design_i/axi_timer_0/U0/TC_CORE_I/TIMER_CONTROL_I/INPUT_DOUBLE_REGS3/INFERRED_GEN.icount_out_reg[0]                                                          | Block_design_i/axi_timer_0/U0/TC_CORE_I/GEN_SECOND_TIMER.COUNTER_1_I/COUNTER_I/INFERRED_GEN.icount_out_reg[31]_0                               |                5 |             64 |
|  Block_design_i/processing_system7_0/inst/FCLK_CLK0 | Block_design_i/ps7_0_axi_periph/s00_couplers/auto_pc/inst/gen_axilite.gen_b2s_conv.axilite_b2s/RD.r_channel_0/rd_data_fifo_0/wr_en0                                |                                                                                                                                                |                9 |             68 |
|  Block_design_i/processing_system7_0/inst/FCLK_CLK0 | Block_design_i/ps7_0_axi_periph/xbar/inst/gen_sasd.crossbar_sasd_0/addr_arbiter_inst/E[0]                                                                          |                                                                                                                                                |                7 |             70 |
|  Block_design_i/processing_system7_0/inst/FCLK_CLK0 |                                                                                                                                                                    | Block_design_i/counterIn_counterOut/U0/AXI_LITE_IPIF_I/I_SLAVE_ATTACHMENT/SR[0]                                                                |               16 |             94 |
|  Block_design_i/processing_system7_0/inst/FCLK_CLK0 | Block_design_i/ps7_0_axi_periph/s00_couplers/auto_pc/inst/gen_axilite.gen_b2s_conv.axilite_b2s/SI_REG/r.r_pipe/p_1_in                                              |                                                                                                                                                |                8 |             94 |
|  Block_design_i/processing_system7_0/inst/FCLK_CLK0 | Block_design_i/ps7_0_axi_periph/s00_couplers/auto_pc/inst/gen_axilite.gen_b2s_conv.axilite_b2s/SI_REG/r.r_pipe/skid_buffer_reg[0]_0                                |                                                                                                                                                |                9 |             94 |
|  Block_design_i/processing_system7_0/inst/FCLK_CLK0 | Block_design_i/ps7_0_axi_periph/s00_couplers/auto_pc/inst/gen_axilite.gen_b2s_conv.axilite_b2s/SI_REG/aw.aw_pipe/s_axi_awready                                     |                                                                                                                                                |               13 |             96 |
|  Block_design_i/processing_system7_0/inst/FCLK_CLK0 | Block_design_i/ps7_0_axi_periph/s00_couplers/auto_pc/inst/gen_axilite.gen_b2s_conv.axilite_b2s/RD.ar_channel_0/ar_cmd_fsm_0/m_payload_i_reg[0]_1[0]                |                                                                                                                                                |               12 |             96 |
|  Block_design_i/processing_system7_0/inst/FCLK_CLK0 | Block_design_i/ps7_0_axi_periph/s00_couplers/auto_pc/inst/gen_axilite.gen_b2s_conv.axilite_b2s/WR.aw_channel_0/aw_cmd_fsm_0/m_payload_i_reg[0][0]                  |                                                                                                                                                |               10 |             96 |
|  Block_design_i/processing_system7_0/inst/FCLK_CLK0 | Block_design_i/ps7_0_axi_periph/s00_couplers/auto_pc/inst/gen_axilite.gen_b2s_conv.axilite_b2s/SI_REG/ar.ar_pipe/s_axi_arready                                     |                                                                                                                                                |               11 |             96 |
|  Block_design_i/processing_system7_0/inst/FCLK_CLK0 |                                                                                                                                                                    | Block_design_i/ps7_0_axi_periph/s00_couplers/auto_pc/inst/gen_axilite.gen_b2s_conv.axilite_b2s/areset_d1                                       |               13 |            120 |
|  Block_design_i/processing_system7_0/inst/FCLK_CLK0 |                                                                                                                                                                    | Block_design_i/xadc_wiz_0/U0/AXI_LITE_IPIF_I/I_SLAVE_ATTACHMENT/reset2ip_reset                                                                 |               29 |            230 |
|  Block_design_i/processing_system7_0/inst/FCLK_CLK0 |                                                                                                                                                                    |                                                                                                                                                |              122 |            762 |
+-----------------------------------------------------+--------------------------------------------------------------------------------------------------------------------------------------------------------------------+------------------------------------------------------------------------------------------------------------------------------------------------+------------------+----------------+


