#-----------------------------------------------------------
# Vivado v2018.2 (64-bit)
# SW Build 2258646 on Thu Jun 14 20:03:12 MDT 2018
# IP Build 2256618 on Thu Jun 14 22:10:49 MDT 2018
# Start of session at: Tue Oct  8 14:25:41 2019
# Process ID: 3000
# Current directory: D:/Users/larsk/Source/Portal-Crane
# Command line: vivado.exe -gui_launcher_event rodinguilauncherevent14844 D:\Users\larsk\Source\Portal-Crane\Miniproject_motor_control.xpr
# Log file: D:/Users/larsk/Source/Portal-Crane/vivado.log
# Journal file: D:/Users/larsk/Source/Portal-Crane\vivado.jou
#-----------------------------------------------------------
start_gui
open_project D:/Users/larsk/Source/Portal-Crane/Miniproject_motor_control.xpr
INFO: [Project 1-313] Project file moved from 'F:/users/lars/Source/Repos/Portal-Crane' since last save.
CRITICAL WARNING: [Project 1-311] Could not find the file 'D:/Users/larsk/Source/EAAES_coreips/model_cra_ip_v1_0/hdl/vhdl/model_cra_ip_reset_sync.vhd', nor could it be found using path 'F:/users/lars/Source/Repos/EAAES_coreips/model_cra_ip_v1_0/hdl/vhdl/model_cra_ip_reset_sync.vhd'.
CRITICAL WARNING: [Project 1-311] Could not find the file 'D:/Users/larsk/Source/EAAES_coreips/model_cra_ip_v1_0/hdl/vhdl/model_cra_ip_src_Subsystem_pkg.vhd', nor could it be found using path 'F:/users/lars/Source/Repos/EAAES_coreips/model_cra_ip_v1_0/hdl/vhdl/model_cra_ip_src_Subsystem_pkg.vhd'.
CRITICAL WARNING: [Project 1-311] Could not find the file 'D:/Users/larsk/Source/EAAES_coreips/model_cra_ip_v1_0/hdl/vhdl/model_cra_ip_src_observer.vhd', nor could it be found using path 'F:/users/lars/Source/Repos/EAAES_coreips/model_cra_ip_v1_0/hdl/vhdl/model_cra_ip_src_observer.vhd'.
CRITICAL WARNING: [Project 1-311] Could not find the file 'D:/Users/larsk/Source/EAAES_coreips/model_cra_ip_v1_0/hdl/vhdl/model_cra_ip_src_Controller_DT.vhd', nor could it be found using path 'F:/users/lars/Source/Repos/EAAES_coreips/model_cra_ip_v1_0/hdl/vhdl/model_cra_ip_src_Controller_DT.vhd'.
CRITICAL WARNING: [Project 1-311] Could not find the file 'D:/Users/larsk/Source/EAAES_coreips/model_cra_ip_v1_0/hdl/vhdl/model_cra_ip_src_Subsystem.vhd', nor could it be found using path 'F:/users/lars/Source/Repos/EAAES_coreips/model_cra_ip_v1_0/hdl/vhdl/model_cra_ip_src_Subsystem.vhd'.
CRITICAL WARNING: [Project 1-311] Could not find the file 'D:/Users/larsk/Source/EAAES_coreips/model_cra_ip_v1_0/hdl/vhdl/model_cra_ip_dut.vhd', nor could it be found using path 'F:/users/lars/Source/Repos/EAAES_coreips/model_cra_ip_v1_0/hdl/vhdl/model_cra_ip_dut.vhd'.
CRITICAL WARNING: [Project 1-311] Could not find the file 'D:/Users/larsk/Source/EAAES_coreips/model_cra_ip_v1_0/hdl/vhdl/model_cra_ip_pkg.vhd', nor could it be found using path 'F:/users/lars/Source/Repos/EAAES_coreips/model_cra_ip_v1_0/hdl/vhdl/model_cra_ip_pkg.vhd'.
CRITICAL WARNING: [Project 1-311] Could not find the file 'D:/Users/larsk/Source/EAAES_coreips/model_cra_ip_v1_0/hdl/vhdl/model_cra_ip_addr_decoder.vhd', nor could it be found using path 'F:/users/lars/Source/Repos/EAAES_coreips/model_cra_ip_v1_0/hdl/vhdl/model_cra_ip_addr_decoder.vhd'.
CRITICAL WARNING: [Project 1-311] Could not find the file 'D:/Users/larsk/Source/EAAES_coreips/model_cra_ip_v1_0/hdl/vhdl/model_cra_ip_axi_lite_module.vhd', nor could it be found using path 'F:/users/lars/Source/Repos/EAAES_coreips/model_cra_ip_v1_0/hdl/vhdl/model_cra_ip_axi_lite_module.vhd'.
CRITICAL WARNING: [Project 1-311] Could not find the file 'D:/Users/larsk/Source/EAAES_coreips/model_cra_ip_v1_0/hdl/vhdl/model_cra_ip_axi_lite.vhd', nor could it be found using path 'F:/users/lars/Source/Repos/EAAES_coreips/model_cra_ip_v1_0/hdl/vhdl/model_cra_ip_axi_lite.vhd'.
CRITICAL WARNING: [Project 1-311] Could not find the file 'D:/Users/larsk/Source/EAAES_coreips/model_cra_ip_v1_0/hdl/vhdl/model_cra_ip.vhd', nor could it be found using path 'F:/users/lars/Source/Repos/EAAES_coreips/model_cra_ip_v1_0/hdl/vhdl/model_cra_ip.vhd'.
CRITICAL WARNING: [Project 1-311] Could not find the file 'D:/Users/larsk/Source/EAAES_coreips/axis_pwm_aud/src/modulator_pkg.vhd', nor could it be found using path 'F:/users/lars/Source/Repos/EAAES_coreips/axis_pwm_aud/src/modulator_pkg.vhd'.
CRITICAL WARNING: [Project 1-311] Could not find the file 'D:/Users/larsk/Source/EAAES_coreips/so-logic_modulator_modulator_axi_ip_1.0/src/sine_rtl.vhd', nor could it be found using path 'F:/users/lars/Source/Repos/EAAES_coreips/so-logic_modulator_modulator_axi_ip_1.0/src/sine_rtl.vhd'.
CRITICAL WARNING: [Project 1-311] Could not find the file 'D:/Users/larsk/Source/EAAES_coreips/axis_pwm_aud/pwm_rtl.vhd', nor could it be found using path 'F:/users/lars/Source/Repos/EAAES_coreips/axis_pwm_aud/pwm_rtl.vhd'.
CRITICAL WARNING: [Project 1-311] Could not find the file 'D:/Users/larsk/Source/EAAES_coreips/axis_pwm_aud/frequency_trigger_rtl.vhd', nor could it be found using path 'F:/users/lars/Source/Repos/EAAES_coreips/axis_pwm_aud/frequency_trigger_rtl.vhd'.
CRITICAL WARNING: [Project 1-311] Could not find the file 'D:/Users/larsk/Source/EAAES_coreips/so-logic_modulator_modulator_axi_ip_1.0/src/counter_rtl.vhd', nor could it be found using path 'F:/users/lars/Source/Repos/EAAES_coreips/so-logic_modulator_modulator_axi_ip_1.0/src/counter_rtl.vhd'.
CRITICAL WARNING: [Project 1-311] Could not find the file 'D:/Users/larsk/Source/EAAES_coreips/so-logic_modulator_modulator_axi_ip_1.0/src/frequency_trigger_rtl.vhd', nor could it be found using path 'F:/users/lars/Source/Repos/EAAES_coreips/so-logic_modulator_modulator_axi_ip_1.0/src/frequency_trigger_rtl.vhd'.
CRITICAL WARNING: [Project 1-311] Could not find the file 'D:/Users/larsk/Source/EAAES_coreips/so-logic_modulator_modulator_axi_ip_1.0/src/pwm_rtl.vhd', nor could it be found using path 'F:/users/lars/Source/Repos/EAAES_coreips/so-logic_modulator_modulator_axi_ip_1.0/src/pwm_rtl.vhd'.
CRITICAL WARNING: [Project 1-311] Could not find the file 'D:/Users/larsk/Source/EAAES_coreips/axis_pwm_aud/axis_pwm.vhd', nor could it be found using path 'F:/users/lars/Source/Repos/EAAES_coreips/axis_pwm_aud/axis_pwm.vhd'.
CRITICAL WARNING: [Project 1-311] Could not find the file 'D:/Users/larsk/Source/EAAES_coreips/axis_pwm_aud/src/counter_rtl.vhd', nor could it be found using path 'F:/users/lars/Source/Repos/EAAES_coreips/axis_pwm_aud/src/counter_rtl.vhd'.
CRITICAL WARNING: [Project 1-311] Could not find the file 'D:/Users/larsk/Source/EAAES_coreips/axis_pwm_aud/modulator_pkg.vhd', nor could it be found using path 'F:/users/lars/Source/Repos/EAAES_coreips/axis_pwm_aud/modulator_pkg.vhd'.
CRITICAL WARNING: [Project 1-311] Could not find the file 'D:/Users/larsk/Source/EAAES_coreips/so-logic_modulator_modulator_axi_ip_1.0/src/modulator_pkg.vhd', nor could it be found using path 'F:/users/lars/Source/Repos/EAAES_coreips/so-logic_modulator_modulator_axi_ip_1.0/src/modulator_pkg.vhd'.
CRITICAL WARNING: [Project 1-311] Could not find the file 'D:/Users/larsk/Source/EAAES_coreips/axis_pwm_aud/src/counter_tb.vhd', nor could it be found using path 'F:/users/lars/Source/Repos/EAAES_coreips/axis_pwm_aud/src/counter_tb.vhd'.
CRITICAL WARNING: [Project 1-311] Could not find the file 'D:/Users/larsk/Source/EAAES_coreips/axis_pwm_aud/src/frequency_trigger_tb.vhd', nor could it be found using path 'F:/users/lars/Source/Repos/EAAES_coreips/axis_pwm_aud/src/frequency_trigger_tb.vhd'.
CRITICAL WARNING: [Project 1-311] Could not find the file 'D:/Users/larsk/Source/EAAES_coreips/so-logic_modulator_modulator_axi_ip_1.0/hdl/modulator_axi_ip_v1_0.vhd', nor could it be found using path 'F:/users/lars/Source/Repos/EAAES_coreips/so-logic_modulator_modulator_axi_ip_1.0/hdl/modulator_axi_ip_v1_0.vhd'.
CRITICAL WARNING: [Project 1-311] Could not find the file 'D:/Users/larsk/Source/EAAES_coreips/axis_pwm_aud/src/sine_rtl.vhd', nor could it be found using path 'F:/users/lars/Source/Repos/EAAES_coreips/axis_pwm_aud/src/sine_rtl.vhd'.
CRITICAL WARNING: [Project 1-311] Could not find the file 'D:/Users/larsk/Source/EAAES_coreips/so-logic_modulator_modulator_axi_ip_1.0/src/modulator_rtl.vhd', nor could it be found using path 'F:/users/lars/Source/Repos/EAAES_coreips/so-logic_modulator_modulator_axi_ip_1.0/src/modulator_rtl.vhd'.
CRITICAL WARNING: [Project 1-311] Could not find the file 'D:/Users/larsk/Source/EAAES_coreips/so-logic_modulator_modulator_axi_ip_1.0/hdl/modulator_axi_ip_v1_0_S00_AXI.vhd', nor could it be found using path 'F:/users/lars/Source/Repos/EAAES_coreips/so-logic_modulator_modulator_axi_ip_1.0/hdl/modulator_axi_ip_v1_0_S00_AXI.vhd'.
CRITICAL WARNING: [Project 1-311] Could not find the file 'D:/Users/larsk/Source/EAAES_coreips/axis_pwm_aud/src/sine_top_rtl.vhd', nor could it be found using path 'F:/users/lars/Source/Repos/EAAES_coreips/axis_pwm_aud/src/sine_top_rtl.vhd'.
CRITICAL WARNING: [Project 1-311] Could not find the file 'D:/Users/larsk/Source/EAAES_coreips/axis_pwm_aud/src/pwm_tb.vhd', nor could it be found using path 'F:/users/lars/Source/Repos/EAAES_coreips/axis_pwm_aud/src/pwm_tb.vhd'.
CRITICAL WARNING: [Project 1-311] Could not find the file 'D:/Users/larsk/Source/EAAES_coreips/axis_pwm_aud/src/sine_top_tb.vhd', nor could it be found using path 'F:/users/lars/Source/Repos/EAAES_coreips/axis_pwm_aud/src/sine_top_tb.vhd'.
CRITICAL WARNING: [Project 1-311] Could not find the file 'D:/Users/larsk/Source/EAAES_coreips/model_cra_ip_v1_0/include/model_cra_ip_addr.h', nor could it be found using path 'F:/users/lars/Source/Repos/EAAES_coreips/model_cra_ip_v1_0/include/model_cra_ip_addr.h'.
CRITICAL WARNING: [Project 1-311] Could not find the file 'D:/Users/larsk/Source/EAAES_coreips/so-logic_modulator_modulator_axi_ip_1.0/drivers/modulator_axi_ip_v1_0/src/modulator_axi_ip.h', nor could it be found using path 'F:/users/lars/Source/Repos/EAAES_coreips/so-logic_modulator_modulator_axi_ip_1.0/drivers/modulator_axi_ip_v1_0/src/modulator_axi_ip.h'.
Scanning sources...
Finished scanning sources
WARNING: [filemgmt 56-2] IP Repository Path: Could not find the directory 'D:/Users/larsk/Source/EAAES_coreips', nor could it be found using path 'F:/users/lars/Source/Repos/EAAES_coreips'.
INFO: [IP_Flow 19-234] Refreshing IP repositories
WARNING: [IP_Flow 19-2248] Failed to load user IP repository 'd:/Users/larsk/Source/EAAES_coreips'; Can't find the specified path.
If this directory should no longer be in your list of user repositories, go to the IP Settings dialog and remove it.
INFO: [IP_Flow 19-2313] Loaded Vivado IP repository 'D:/Xilinx/Vivado/2018.2/data/ip'.
open_project: Time (s): cpu = 00:00:21 ; elapsed = 00:00:13 . Memory (MB): peak = 830.211 ; gain = 108.582
update_compile_order -fileset sources_1
launch_sdk -workspace D:/Users/larsk/Source/Portal-Crane/Miniproject_motor_control.sdk -hwspec D:/Users/larsk/Source/Portal-Crane/Miniproject_motor_control.sdk/Block_design_wrapper.hdf
INFO: [Vivado 12-393] Launching SDK...
INFO: [Vivado 12-417] Running xsdk -workspace D:/Users/larsk/Source/Portal-Crane/Miniproject_motor_control.sdk -hwspec D:/Users/larsk/Source/Portal-Crane/Miniproject_motor_control.sdk/Block_design_wrapper.hdf
INFO: [Vivado 12-3157] SDK launch initiated. Please check console for any further messages.
exit
INFO: [Common 17-206] Exiting Vivado at Tue Oct  8 14:54:26 2019...
