#-----------------------------------------------------------
# Webtalk v2018.2 (64-bit)
# SW Build 2258646 on Thu Jun 14 20:03:12 MDT 2018
# 
# Start of session at: Wed Oct 30 12:47:52 2019
# Process ID: 23784
# Current directory: D:/EAAES/Portal-Crane/Miniproject_motor_control.sdk/webtalk
# Command line: wbtcv.exe -mode batch -source sdk_webtalk.tcl
# Log file: D:/EAAES/Portal-Crane/Miniproject_motor_control.sdk/webtalk/webtalk.log
# Journal file: D:/EAAES/Portal-Crane/Miniproject_motor_control.sdk/webtalk\webtalk.jou
#-----------------------------------------------------------
source sdk_webtalk.tcl
# webtalk_init -webtalk_dir D:\\EAAES\\Portal-Crane\\Miniproject_motor_control.sdk\\webtalk
# webtalk_register_client -client project
# webtalk_add_data -client project -key date_generated -value "2019-10-30 12:47:43" -context "software_version_and_target_device"
# webtalk_add_data -client project -key product_version -value "SDK v2018.2" -context "software_version_and_target_device"
# webtalk_add_data -client project -key build_version -value "2018.2" -context "software_version_and_target_device"
# webtalk_add_data -client project -key os_platform -value "amd64" -context "software_version_and_target_device"
# webtalk_add_data -client project -key registration_id -value "" -context "software_version_and_target_device"
# webtalk_add_data -client project -key tool_flow -value "SDK" -context "software_version_and_target_device"
# webtalk_add_data -client project -key beta -value "false" -context "software_version_and_target_device"
# webtalk_add_data -client project -key route_design -value "NA" -context "software_version_and_target_device"
# webtalk_add_data -client project -key target_family -value "NA" -context "software_version_and_target_device"
# webtalk_add_data -client project -key target_device -value "NA" -context "software_version_and_target_device"
# webtalk_add_data -client project -key target_package -value "NA" -context "software_version_and_target_device"
# webtalk_add_data -client project -key target_speed -value "NA" -context "software_version_and_target_device"
# webtalk_add_data -client project -key random_id -value "1uciiqhnv6b8v5dchdgp8b5bu" -context "software_version_and_target_device"
# webtalk_add_data -client project -key project_id -value "2018.2_47" -context "software_version_and_target_device"
# webtalk_add_data -client project -key project_iteration -value "47" -context "software_version_and_target_device"
# webtalk_add_data -client project -key os_name -value "Microsoft Windows 8 or later , 64-bit" -context "user_environment"
# webtalk_add_data -client project -key os_release -value "major release  (build 9200)" -context "user_environment"
# webtalk_add_data -client project -key cpu_name -value "Intel(R) Core(TM) i7-6700HQ CPU @ 2.60GHz" -context "user_environment"
# webtalk_add_data -client project -key cpu_speed -value "2592 MHz" -context "user_environment"
# webtalk_add_data -client project -key total_processors -value "1" -context "user_environment"
# webtalk_add_data -client project -key system_ram -value "17.053 GB" -context "user_environment"
# webtalk_register_client -client sdk
# webtalk_add_data -client sdk -key uid -value "1572427350133" -context "sdk\\\\bsp/1572427350133"
# webtalk_add_data -client sdk -key hwid -value "1572257252848" -context "sdk\\\\bsp/1572427350133"
# webtalk_add_data -client sdk -key os -value "standalone" -context "sdk\\\\bsp/1572427350133"
# webtalk_add_data -client sdk -key apptemplate -value "null" -context "sdk\\\\bsp/1572427350133"
# webtalk_add_data -client sdk -key RecordType -value "BSPCreation" -context "sdk\\\\bsp/1572427350133"
# webtalk_add_data -client sdk -key uid -value "NA" -context "sdk\\\\bsp/1572436063151"
# webtalk_add_data -client sdk -key RecordType -value "ToolUsage" -context "sdk\\\\bsp/1572436063151"
# webtalk_add_data -client sdk -key BootgenCount -value "0" -context "sdk\\\\bsp/1572436063151"
# webtalk_add_data -client sdk -key DebugCount -value "71" -context "sdk\\\\bsp/1572436063151"
# webtalk_add_data -client sdk -key PerfCount -value "0" -context "sdk\\\\bsp/1572436063151"
# webtalk_add_data -client sdk -key FlashCount -value "0" -context "sdk\\\\bsp/1572436063151"
# webtalk_add_data -client sdk -key CrossTriggCount -value "0" -context "sdk\\\\bsp/1572436063151"
# webtalk_add_data -client sdk -key QemuDebugCount -value "0" -context "sdk\\\\bsp/1572436063151"
# webtalk_transmit -clientid 840973212 -regid "" -xml D:\\EAAES\\Portal-Crane\\Miniproject_motor_control.sdk\\webtalk\\usage_statistics_ext_sdk.xml -html D:\\EAAES\\Portal-Crane\\Miniproject_motor_control.sdk\\webtalk\\usage_statistics_ext_sdk.html -wdm D:\\EAAES\\Portal-Crane\\Miniproject_motor_control.sdk\\webtalk\\sdk_webtalk.wdm -intro "<H3>SDK Usage Report</H3><BR>"
INFO: [Common 17-186] 'D:\EAAES\Portal-Crane\Miniproject_motor_control.sdk\webtalk\usage_statistics_ext_sdk.xml' has been successfully sent to Xilinx on Wed Oct 30 12:47:56 2019. For additional details about this file, please refer to the WebTalk help file at D:/Xilinx/SDK/2018.2/doc/webtalk_introduction.html.
# webtalk_terminate
INFO: [Common 17-206] Exiting Webtalk at Wed Oct 30 12:47:56 2019...
